d:\game3\nourigat adrien\simpleengine\simpleenginewithopengl\x64\debug\vc142.pdb
d:\game3\nourigat adrien\simpleengine\simpleenginewithopengl\x64\debug\vc142.idb
d:\game3\nourigat adrien\simpleengine\simpleenginewithopengl\x64\debug\timer.obj
d:\game3\nourigat adrien\simpleengine\simpleenginewithopengl\x64\debug\texture.obj
d:\game3\nourigat adrien\simpleengine\simpleenginewithopengl\x64\debug\spritecomponent.obj
d:\game3\nourigat adrien\simpleengine\simpleenginewithopengl\x64\debug\ship.obj
d:\game3\nourigat adrien\simpleengine\simpleenginewithopengl\x64\debug\renderer.obj
d:\game3\nourigat adrien\simpleengine\simpleenginewithopengl\x64\debug\rectangle.obj
d:\game3\nourigat adrien\simpleengine\simpleenginewithopengl\x64\debug\random.obj
d:\game3\nourigat adrien\simpleengine\simpleenginewithopengl\x64\debug\movecomponent.obj
d:\game3\nourigat adrien\simpleengine\simpleenginewithopengl\x64\debug\main.obj
d:\game3\nourigat adrien\simpleengine\simpleenginewithopengl\x64\debug\log.obj
d:\game3\nourigat adrien\simpleengine\simpleenginewithopengl\x64\debug\laser.obj
d:\game3\nourigat adrien\simpleengine\simpleenginewithopengl\x64\debug\inputcomponent.obj
d:\game3\nourigat adrien\simpleengine\simpleenginewithopengl\x64\debug\game.obj
d:\game3\nourigat adrien\simpleengine\simpleenginewithopengl\x64\debug\component.obj
d:\game3\nourigat adrien\simpleengine\simpleenginewithopengl\x64\debug\circlecollisioncomponent.obj
d:\game3\nourigat adrien\simpleengine\simpleenginewithopengl\x64\debug\backgroundspritecomponent.obj
d:\game3\nourigat adrien\simpleengine\simpleenginewithopengl\x64\debug\astroid.obj
d:\game3\nourigat adrien\simpleengine\simpleenginewithopengl\x64\debug\assets.obj
d:\game3\nourigat adrien\simpleengine\simpleenginewithopengl\x64\debug\animspritecomponent.obj
d:\game3\nourigat adrien\simpleengine\simpleenginewithopengl\x64\debug\actor.obj
d:\game3\nourigat adrien\simpleengine\simpleenginewithopengl\x64\debug\window.obj
d:\game3\nourigat adrien\simpleengine\simpleenginewithopengl\x64\debug\vector2.obj
j:\adrien\artfx\y3\simpleengine\simpleengine\simpleenginewithopengl\x64\debug\vc142.pdb
j:\adrien\artfx\y3\simpleengine\simpleengine\simpleenginewithopengl\x64\debug\vc142.idb
j:\adrien\artfx\y3\simpleengine\simpleengine\simpleenginewithopengl\x64\debug\window.obj
j:\adrien\artfx\y3\simpleengine\simpleengine\simpleenginewithopengl\x64\debug\vector2.obj
j:\adrien\artfx\y3\simpleengine\simpleengine\simpleenginewithopengl\x64\debug\timer.obj
j:\adrien\artfx\y3\simpleengine\simpleengine\simpleenginewithopengl\x64\debug\rectangle.obj
j:\adrien\artfx\y3\simpleengine\simpleengine\simpleenginewithopengl\x64\debug\random.obj
j:\adrien\artfx\y3\simpleengine\simpleengine\simpleenginewithopengl\x64\debug\movecomponent.obj
j:\adrien\artfx\y3\simpleengine\simpleengine\simpleenginewithopengl\x64\debug\log.obj
j:\adrien\artfx\y3\simpleengine\simpleengine\simpleenginewithopengl\x64\debug\inputcomponent.obj
j:\adrien\artfx\y3\simpleengine\simpleengine\simpleenginewithopengl\x64\debug\component.obj
j:\adrien\artfx\y3\simpleengine\simpleengine\simpleenginewithopengl\x64\debug\circlecollisioncomponent.obj
j:\adrien\artfx\y3\simpleengine\simpleengine\simpleenginewithopengl\x64\debug\backgroundspritecomponent.obj
j:\adrien\artfx\y3\simpleengine\simpleengine\simpleenginewithopengl\x64\debug\assets.obj
j:\adrien\artfx\y3\simpleengine\simpleengine\simpleenginewithopengl\x64\debug\animspritecomponent.obj
j:\adrien\artfx\y3\simpleengine\simpleengine\simpleenginewithopengl\x64\debug\texture.obj
j:\adrien\artfx\y3\simpleengine\simpleengine\simpleenginewithopengl\x64\debug\renderersdl.obj
j:\adrien\artfx\y3\simpleengine\simpleengine\simpleenginewithopengl\x64\debug\spritecomponent.obj
j:\adrien\artfx\y3\simpleengine\simpleengine\simpleenginewithopengl\x64\debug\main.obj
j:\adrien\artfx\y3\simpleengine\simpleengine\simpleenginewithopengl\x64\debug\game.obj
j:\adrien\artfx\y3\simpleengine\simpleengine\simpleenginewithopengl\x64\debug\actor.obj
d:\game3\nourigat adrien\simpleengine\simpleenginewithopengl\x64\debug\simpleenginewithopengl.ilk
d:\game3\nourigat adrien\simpleengine\x64\debug\simpleenginewithopengl.exe
d:\game3\nourigat adrien\simpleengine\x64\debug\simpleenginewithopengl.pdb
j:\adrien\artfx\y3\simpleengine\simpleengine\simpleenginewithopengl\x64\debug\astroid.obj
j:\adrien\artfx\y3\simpleengine\simpleengine\simpleenginewithopengl\x64\debug\laser.obj
j:\adrien\artfx\y3\simpleengine\simpleengine\simpleenginewithopengl\x64\debug\renderer.obj
j:\adrien\artfx\y3\simpleengine\simpleengine\simpleenginewithopengl\x64\debug\ship.obj
j:\adrien\artfx\y3\simpleengine\simpleengine\simpleenginewithopengl\x64\debug\simpleenginewithopengl-004.ilk
j:\adrien\artfx\y3\simpleengine\simpleengine\simpleenginewithopengl\x64\debug\simpleenginewithopengl.ilk
j:\adrien\artfx\y3\simpleengine\simpleengine\simpleenginewithopengl\x64\debug\simpleenginewithopengl-004.pdb
j:\adrien\artfx\y3\simpleengine\simpleengine\x64\debug\simpleenginewithopengl.pdb
j:\adrien\artfx\y3\simpleengine\simpleengine\x64\debug\simpleenginewithopengl.exe
j:\adrien\artfx\y3\simpleengine\simpleengine\simpleenginewithopengl\x64\debug\simpleen.cdbc3025.tlog\cl.command.1.tlog
j:\adrien\artfx\y3\simpleengine\simpleengine\simpleenginewithopengl\x64\debug\simpleen.cdbc3025.tlog\cl.read.1.tlog
j:\adrien\artfx\y3\simpleengine\simpleengine\simpleenginewithopengl\x64\debug\simpleen.cdbc3025.tlog\cl.write.1.tlog
j:\adrien\artfx\y3\simpleengine\simpleengine\simpleenginewithopengl\x64\debug\simpleen.cdbc3025.tlog\link.command.1.tlog
j:\adrien\artfx\y3\simpleengine\simpleengine\simpleenginewithopengl\x64\debug\simpleen.cdbc3025.tlog\link.read.1.tlog
j:\adrien\artfx\y3\simpleengine\simpleengine\simpleenginewithopengl\x64\debug\simpleen.cdbc3025.tlog\link.write.1.tlog
