  Actor.cpp
  AnimSpriteComponent.cpp
  Assets.cpp
  Astroid.cpp
  BackgroundSpriteComponent.cpp
  CircleCollisionComponent.cpp
  Component.cpp
  Game.cpp
  InputComponent.cpp
  Laser.cpp
  Log.cpp
  Main.cpp
  MoveComponent.cpp
  Random.cpp
  Rectangle.cpp
  Renderer.cpp
  Ship.cpp
  SpriteComponent.cpp
  Texture.cpp
  Timer.cpp
  Génération de code en cours...
  Compilation en cours...
  Vector2.cpp
  Window.cpp
  Génération de code en cours...
  SimpleEngineWithOpenGL-004.vcxproj -> D:\Game3\Nourigat Adrien\SimpleEngine\x64\Debug\SimpleEngineWithOpenGL-004.exe
