  Actor.cpp
  AnimSpriteComponent.cpp
  Assets.cpp
  Astroid.cpp
  BackgroundSpriteComponent.cpp
  CircleCollisionComponent.cpp
  Component.cpp
  Game.cpp
  InputComponent.cpp
  Laser.cpp
  Log.cpp
  Main.cpp
  MoveComponent.cpp
  Random.cpp
  Rectangle.cpp
  Renderer.cpp
  Ship.cpp
  SpriteComponent.cpp
  Texture.cpp
  Timer.cpp
  Generating Code...
  Compiling...
  Vector2.cpp
  Window.cpp
  Generating Code...
  SimpleEngineWithOpenGL-004.vcxproj -> G:\Cours\Progra\C++\003\SDL_SimpleEngine_2\SimpleEngine\x64\Debug\SimpleEngineWithOpenGL-004.exe
