d:\game-3\cerceau_paul\sdl_simpleengine\simpleengine\simpleenginewithopengl-004\x64\debug\vc142.pdb
d:\game-3\cerceau_paul\sdl_simpleengine\simpleengine\simpleenginewithopengl-004\x64\debug\vc142.idb
d:\game-3\cerceau_paul\sdl_simpleengine\simpleengine\simpleenginewithopengl-004\x64\debug\timer.obj
d:\game-3\cerceau_paul\sdl_simpleengine\simpleengine\simpleenginewithopengl-004\x64\debug\texture.obj
d:\game-3\cerceau_paul\sdl_simpleengine\simpleengine\simpleenginewithopengl-004\x64\debug\spritecomponent.obj
d:\game-3\cerceau_paul\sdl_simpleengine\simpleengine\simpleenginewithopengl-004\x64\debug\ship.obj
d:\game-3\cerceau_paul\sdl_simpleengine\simpleengine\simpleenginewithopengl-004\x64\debug\renderer.obj
d:\game-3\cerceau_paul\sdl_simpleengine\simpleengine\simpleenginewithopengl-004\x64\debug\rectangle.obj
d:\game-3\cerceau_paul\sdl_simpleengine\simpleengine\simpleenginewithopengl-004\x64\debug\random.obj
d:\game-3\cerceau_paul\sdl_simpleengine\simpleengine\simpleenginewithopengl-004\x64\debug\movecomponent.obj
d:\game-3\cerceau_paul\sdl_simpleengine\simpleengine\simpleenginewithopengl-004\x64\debug\main.obj
d:\game-3\cerceau_paul\sdl_simpleengine\simpleengine\simpleenginewithopengl-004\x64\debug\log.obj
d:\game-3\cerceau_paul\sdl_simpleengine\simpleengine\simpleenginewithopengl-004\x64\debug\laser.obj
d:\game-3\cerceau_paul\sdl_simpleengine\simpleengine\simpleenginewithopengl-004\x64\debug\inputcomponent.obj
d:\game-3\cerceau_paul\sdl_simpleengine\simpleengine\simpleenginewithopengl-004\x64\debug\game.obj
d:\game-3\cerceau_paul\sdl_simpleengine\simpleengine\simpleenginewithopengl-004\x64\debug\component.obj
d:\game-3\cerceau_paul\sdl_simpleengine\simpleengine\simpleenginewithopengl-004\x64\debug\circlecollisioncomponent.obj
d:\game-3\cerceau_paul\sdl_simpleengine\simpleengine\simpleenginewithopengl-004\x64\debug\backgroundspritecomponent.obj
d:\game-3\cerceau_paul\sdl_simpleengine\simpleengine\simpleenginewithopengl-004\x64\debug\astroid.obj
d:\game-3\cerceau_paul\sdl_simpleengine\simpleengine\simpleenginewithopengl-004\x64\debug\assets.obj
d:\game-3\cerceau_paul\sdl_simpleengine\simpleengine\simpleenginewithopengl-004\x64\debug\animspritecomponent.obj
d:\game-3\cerceau_paul\sdl_simpleengine\simpleengine\simpleenginewithopengl-004\x64\debug\actor.obj
d:\game-3\cerceau_paul\sdl_simpleengine\simpleengine\simpleenginewithopengl-004\x64\debug\window.obj
d:\game-3\cerceau_paul\sdl_simpleengine\simpleengine\simpleenginewithopengl-004\x64\debug\vector2.obj
d:\game-3\cerceau_paul\sdl_simpleengine\simpleengine\x64\debug\simpleenginewithopengl-004.exe
d:\game-3\cerceau_paul\sdl_simpleengine\simpleengine\simpleenginewithopengl-004\x64\debug\simpleenginewithopengl-004.ilk
d:\game-3\cerceau_paul\sdl_simpleengine\simpleengine\x64\debug\simpleenginewithopengl-004.pdb
g:\cours\progra\c++\003\sdl_simpleengine_2\simpleengine\simpleenginewithopengl-004\x64\debug\actor.obj
g:\cours\progra\c++\003\sdl_simpleengine_2\simpleengine\simpleenginewithopengl-004\x64\debug\animspritecomponent.obj
g:\cours\progra\c++\003\sdl_simpleengine_2\simpleengine\simpleenginewithopengl-004\x64\debug\assets.obj
g:\cours\progra\c++\003\sdl_simpleengine_2\simpleengine\simpleenginewithopengl-004\x64\debug\astroid.obj
g:\cours\progra\c++\003\sdl_simpleengine_2\simpleengine\simpleenginewithopengl-004\x64\debug\backgroundspritecomponent.obj
g:\cours\progra\c++\003\sdl_simpleengine_2\simpleengine\simpleenginewithopengl-004\x64\debug\circlecollisioncomponent.obj
g:\cours\progra\c++\003\sdl_simpleengine_2\simpleengine\simpleenginewithopengl-004\x64\debug\component.obj
g:\cours\progra\c++\003\sdl_simpleengine_2\simpleengine\simpleenginewithopengl-004\x64\debug\game.obj
g:\cours\progra\c++\003\sdl_simpleengine_2\simpleengine\simpleenginewithopengl-004\x64\debug\inputcomponent.obj
g:\cours\progra\c++\003\sdl_simpleengine_2\simpleengine\simpleenginewithopengl-004\x64\debug\laser.obj
g:\cours\progra\c++\003\sdl_simpleengine_2\simpleengine\simpleenginewithopengl-004\x64\debug\log.obj
g:\cours\progra\c++\003\sdl_simpleengine_2\simpleengine\simpleenginewithopengl-004\x64\debug\main.obj
g:\cours\progra\c++\003\sdl_simpleengine_2\simpleengine\simpleenginewithopengl-004\x64\debug\movecomponent.obj
g:\cours\progra\c++\003\sdl_simpleengine_2\simpleengine\simpleenginewithopengl-004\x64\debug\random.obj
g:\cours\progra\c++\003\sdl_simpleengine_2\simpleengine\simpleenginewithopengl-004\x64\debug\rectangle.obj
g:\cours\progra\c++\003\sdl_simpleengine_2\simpleengine\simpleenginewithopengl-004\x64\debug\renderer.obj
g:\cours\progra\c++\003\sdl_simpleengine_2\simpleengine\simpleenginewithopengl-004\x64\debug\ship.obj
g:\cours\progra\c++\003\sdl_simpleengine_2\simpleengine\simpleenginewithopengl-004\x64\debug\spritecomponent.obj
g:\cours\progra\c++\003\sdl_simpleengine_2\simpleengine\simpleenginewithopengl-004\x64\debug\texture.obj
g:\cours\progra\c++\003\sdl_simpleengine_2\simpleengine\simpleenginewithopengl-004\x64\debug\timer.obj
g:\cours\progra\c++\003\sdl_simpleengine_2\simpleengine\simpleenginewithopengl-004\x64\debug\vector2.obj
g:\cours\progra\c++\003\sdl_simpleengine_2\simpleengine\simpleenginewithopengl-004\x64\debug\window.obj
g:\cours\progra\c++\003\sdl_simpleengine_2\simpleengine\simpleenginewithopengl-004\x64\debug\simpleenginewithopengl-004.ilk
g:\cours\progra\c++\003\sdl_simpleengine_2\simpleengine\simpleenginewithopengl-004\x64\debug\vc142.idb
g:\cours\progra\c++\003\sdl_simpleengine_2\simpleengine\simpleenginewithopengl-004\x64\debug\vc142.pdb
g:\cours\progra\c++\003\sdl_simpleengine_2\simpleengine\x64\debug\simpleenginewithopengl-004.pdb
g:\cours\progra\c++\003\sdl_simpleengine_2\simpleengine\x64\debug\simpleenginewithopengl-004.exe
g:\cours\progra\c++\003\sdl_simpleengine_2\simpleengine\simpleenginewithopengl-004\x64\debug\simpleen.5d25c4c0.tlog\cl.command.1.tlog
g:\cours\progra\c++\003\sdl_simpleengine_2\simpleengine\simpleenginewithopengl-004\x64\debug\simpleen.5d25c4c0.tlog\cl.read.1.tlog
g:\cours\progra\c++\003\sdl_simpleengine_2\simpleengine\simpleenginewithopengl-004\x64\debug\simpleen.5d25c4c0.tlog\cl.write.1.tlog
g:\cours\progra\c++\003\sdl_simpleengine_2\simpleengine\simpleenginewithopengl-004\x64\debug\simpleen.5d25c4c0.tlog\link.command.1.tlog
g:\cours\progra\c++\003\sdl_simpleengine_2\simpleengine\simpleenginewithopengl-004\x64\debug\simpleen.5d25c4c0.tlog\link.read.1.tlog
g:\cours\progra\c++\003\sdl_simpleengine_2\simpleengine\simpleenginewithopengl-004\x64\debug\simpleen.5d25c4c0.tlog\link.write.1.tlog
