g:\cours\progra\c++\003\simpleengineyestrustme\simpleengine\simpleengine3dgame\x64\debug\vc142.pdb
g:\cours\progra\c++\003\simpleengineyestrustme\simpleengine\simpleengine3dgame\x64\debug\vc142.idb
g:\cours\progra\c++\003\simpleengineyestrustme\simpleengine\simpleengine3dgame\x64\debug\timer.nativecodeanalysis.sarif
g:\cours\progra\c++\003\simpleengineyestrustme\simpleengine\simpleengine3dgame\x64\debug\timer.nativecodeanalysis.xml
g:\cours\progra\c++\003\simpleengineyestrustme\simpleengine\simpleengine3dgame\x64\debug\texture.nativecodeanalysis.sarif
g:\cours\progra\c++\003\simpleengineyestrustme\simpleengine\simpleengine3dgame\x64\debug\texture.nativecodeanalysis.xml
g:\cours\progra\c++\003\simpleengineyestrustme\simpleengine\simpleengine3dgame\x64\debug\spritecomponent.nativecodeanalysis.sarif
g:\cours\progra\c++\003\simpleengineyestrustme\simpleengine\simpleengine3dgame\x64\debug\spritecomponent.nativecodeanalysis.xml
g:\cours\progra\c++\003\simpleengineyestrustme\simpleengine\simpleengine3dgame\x64\debug\shader.nativecodeanalysis.sarif
g:\cours\progra\c++\003\simpleengineyestrustme\simpleengine\simpleengine3dgame\x64\debug\shader.nativecodeanalysis.xml
g:\cours\progra\c++\003\simpleengineyestrustme\simpleengine\simpleengine3dgame\x64\debug\rendererogl.nativecodeanalysis.sarif
g:\cours\progra\c++\003\simpleengineyestrustme\simpleengine\simpleengine3dgame\x64\debug\rendererogl.nativecodeanalysis.xml
g:\cours\progra\c++\003\simpleengineyestrustme\simpleengine\simpleengine3dgame\x64\debug\rectangle.nativecodeanalysis.sarif
g:\cours\progra\c++\003\simpleengineyestrustme\simpleengine\simpleengine3dgame\x64\debug\rectangle.nativecodeanalysis.xml
g:\cours\progra\c++\003\simpleengineyestrustme\simpleengine\simpleengine3dgame\x64\debug\random.nativecodeanalysis.sarif
g:\cours\progra\c++\003\simpleengineyestrustme\simpleengine\simpleengine3dgame\x64\debug\random.nativecodeanalysis.xml
g:\cours\progra\c++\003\simpleengineyestrustme\simpleengine\simpleengine3dgame\x64\debug\quaternion.nativecodeanalysis.sarif
g:\cours\progra\c++\003\simpleengineyestrustme\simpleengine\simpleengine3dgame\x64\debug\quaternion.nativecodeanalysis.xml
g:\cours\progra\c++\003\simpleengineyestrustme\simpleengine\simpleengine3dgame\x64\debug\movecomponent.nativecodeanalysis.sarif
g:\cours\progra\c++\003\simpleengineyestrustme\simpleengine\simpleengine3dgame\x64\debug\movecomponent.nativecodeanalysis.xml
g:\cours\progra\c++\003\simpleengineyestrustme\simpleengine\simpleengine3dgame\x64\debug\matrix4.nativecodeanalysis.sarif
g:\cours\progra\c++\003\simpleengineyestrustme\simpleengine\simpleengine3dgame\x64\debug\matrix4.nativecodeanalysis.xml
g:\cours\progra\c++\003\simpleengineyestrustme\simpleengine\simpleengine3dgame\x64\debug\main.nativecodeanalysis.sarif
g:\cours\progra\c++\003\simpleengineyestrustme\simpleengine\simpleengine3dgame\x64\debug\main.nativecodeanalysis.xml
g:\cours\progra\c++\003\simpleengineyestrustme\simpleengine\simpleengine3dgame\x64\debug\log.nativecodeanalysis.sarif
g:\cours\progra\c++\003\simpleengineyestrustme\simpleengine\simpleengine3dgame\x64\debug\log.nativecodeanalysis.xml
g:\cours\progra\c++\003\simpleengineyestrustme\simpleengine\simpleengine3dgame\x64\debug\inputcomponent.nativecodeanalysis.sarif
g:\cours\progra\c++\003\simpleengineyestrustme\simpleengine\simpleengine3dgame\x64\debug\inputcomponent.nativecodeanalysis.xml
g:\cours\progra\c++\003\simpleengineyestrustme\simpleengine\simpleengine3dgame\x64\debug\game.nativecodeanalysis.sarif
g:\cours\progra\c++\003\simpleengineyestrustme\simpleengine\simpleengine3dgame\x64\debug\game.nativecodeanalysis.xml
g:\cours\progra\c++\003\simpleengineyestrustme\simpleengine\simpleengine3dgame\x64\debug\component.nativecodeanalysis.sarif
g:\cours\progra\c++\003\simpleengineyestrustme\simpleengine\simpleengine3dgame\x64\debug\component.nativecodeanalysis.xml
g:\cours\progra\c++\003\simpleengineyestrustme\simpleengine\simpleengine3dgame\x64\debug\circlecollisioncomponent.nativecodeanalysis.sarif
g:\cours\progra\c++\003\simpleengineyestrustme\simpleengine\simpleengine3dgame\x64\debug\circlecollisioncomponent.nativecodeanalysis.xml
g:\cours\progra\c++\003\simpleengineyestrustme\simpleengine\simpleengine3dgame\x64\debug\backgroundspritecomponent.nativecodeanalysis.sarif
g:\cours\progra\c++\003\simpleengineyestrustme\simpleengine\simpleengine3dgame\x64\debug\backgroundspritecomponent.nativecodeanalysis.xml
g:\cours\progra\c++\003\simpleengineyestrustme\simpleengine\simpleengine3dgame\x64\debug\assets.nativecodeanalysis.sarif
g:\cours\progra\c++\003\simpleengineyestrustme\simpleengine\simpleengine3dgame\x64\debug\assets.nativecodeanalysis.xml
g:\cours\progra\c++\003\simpleengineyestrustme\simpleengine\simpleengine3dgame\x64\debug\animspritecomponent.nativecodeanalysis.sarif
g:\cours\progra\c++\003\simpleengineyestrustme\simpleengine\simpleengine3dgame\x64\debug\animspritecomponent.nativecodeanalysis.xml
g:\cours\progra\c++\003\simpleengineyestrustme\simpleengine\simpleengine3dgame\x64\debug\actor.nativecodeanalysis.sarif
g:\cours\progra\c++\003\simpleengineyestrustme\simpleengine\simpleengine3dgame\x64\debug\actor.nativecodeanalysis.xml
g:\cours\progra\c++\003\simpleengineyestrustme\simpleengine\simpleengine3dgame\x64\debug\actor.obj
g:\cours\progra\c++\003\simpleengineyestrustme\simpleengine\simpleengine3dgame\x64\debug\animspritecomponent.obj
g:\cours\progra\c++\003\simpleengineyestrustme\simpleengine\simpleengine3dgame\x64\debug\assets.obj
g:\cours\progra\c++\003\simpleengineyestrustme\simpleengine\simpleengine3dgame\x64\debug\backgroundspritecomponent.obj
g:\cours\progra\c++\003\simpleengineyestrustme\simpleengine\simpleengine3dgame\x64\debug\circlecollisioncomponent.obj
g:\cours\progra\c++\003\simpleengineyestrustme\simpleengine\simpleengine3dgame\x64\debug\component.obj
g:\cours\progra\c++\003\simpleengineyestrustme\simpleengine\simpleengine3dgame\x64\debug\game.obj
g:\cours\progra\c++\003\simpleengineyestrustme\simpleengine\simpleengine3dgame\x64\debug\inputcomponent.obj
g:\cours\progra\c++\003\simpleengineyestrustme\simpleengine\simpleengine3dgame\x64\debug\log.obj
g:\cours\progra\c++\003\simpleengineyestrustme\simpleengine\simpleengine3dgame\x64\debug\main.obj
g:\cours\progra\c++\003\simpleengineyestrustme\simpleengine\simpleengine3dgame\x64\debug\matrix4.obj
g:\cours\progra\c++\003\simpleengineyestrustme\simpleengine\simpleengine3dgame\x64\debug\movecomponent.obj
g:\cours\progra\c++\003\simpleengineyestrustme\simpleengine\simpleengine3dgame\x64\debug\quaternion.obj
g:\cours\progra\c++\003\simpleengineyestrustme\simpleengine\simpleengine3dgame\x64\debug\random.obj
g:\cours\progra\c++\003\simpleengineyestrustme\simpleengine\simpleengine3dgame\x64\debug\rectangle.obj
g:\cours\progra\c++\003\simpleengineyestrustme\simpleengine\simpleengine3dgame\x64\debug\rendererogl.obj
g:\cours\progra\c++\003\simpleengineyestrustme\simpleengine\simpleengine3dgame\x64\debug\shader.obj
g:\cours\progra\c++\003\simpleengineyestrustme\simpleengine\simpleengine3dgame\x64\debug\spritecomponent.obj
g:\cours\progra\c++\003\simpleengineyestrustme\simpleengine\simpleengine3dgame\x64\debug\texture.obj
g:\cours\progra\c++\003\simpleengineyestrustme\simpleengine\simpleengine3dgame\x64\debug\timer.obj
g:\cours\progra\c++\003\simpleengineyestrustme\simpleengine\simpleengine3dgame\x64\debug\window.nativecodeanalysis.sarif
g:\cours\progra\c++\003\simpleengineyestrustme\simpleengine\simpleengine3dgame\x64\debug\window.nativecodeanalysis.xml
g:\cours\progra\c++\003\simpleengineyestrustme\simpleengine\simpleengine3dgame\x64\debug\vertexarray.nativecodeanalysis.sarif
g:\cours\progra\c++\003\simpleengineyestrustme\simpleengine\simpleengine3dgame\x64\debug\vertexarray.nativecodeanalysis.xml
g:\cours\progra\c++\003\simpleengineyestrustme\simpleengine\simpleengine3dgame\x64\debug\vector3.nativecodeanalysis.sarif
g:\cours\progra\c++\003\simpleengineyestrustme\simpleengine\simpleengine3dgame\x64\debug\vector3.nativecodeanalysis.xml
g:\cours\progra\c++\003\simpleengineyestrustme\simpleengine\simpleengine3dgame\x64\debug\vector2.nativecodeanalysis.sarif
g:\cours\progra\c++\003\simpleengineyestrustme\simpleengine\simpleengine3dgame\x64\debug\vector2.nativecodeanalysis.xml
g:\cours\progra\c++\003\simpleengineyestrustme\simpleengine\simpleengine3dgame\x64\debug\vector2.obj
g:\cours\progra\c++\003\simpleengineyestrustme\simpleengine\simpleengine3dgame\x64\debug\vector3.obj
g:\cours\progra\c++\003\simpleengineyestrustme\simpleengine\simpleengine3dgame\x64\debug\vertexarray.obj
g:\cours\progra\c++\003\simpleengineyestrustme\simpleengine\simpleengine3dgame\x64\debug\window.obj
g:\cours\progra\c++\003\simpleengineyestrustme\simpleengine\x64\debug\simpleengine3dgame.pdb
g:\cours\progra\c++\003\simpleengineyestrustme\simpleengine\simpleengine3dgame\x64\debug\simpleen.4e6a45d3.tlog\cl.command.1.tlog
g:\cours\progra\c++\003\simpleengineyestrustme\simpleengine\simpleengine3dgame\x64\debug\simpleen.4e6a45d3.tlog\cl.read.1.tlog
g:\cours\progra\c++\003\simpleengineyestrustme\simpleengine\simpleengine3dgame\x64\debug\simpleen.4e6a45d3.tlog\cl.write.1.tlog
g:\cours\progra\c++\003\simpleengineyestrustme\simpleengine\simpleengine3dgame\x64\debug\simpleen.4e6a45d3.tlog\link-cvtres.read.1.tlog
g:\cours\progra\c++\003\simpleengineyestrustme\simpleengine\simpleengine3dgame\x64\debug\simpleen.4e6a45d3.tlog\link-cvtres.write.1.tlog
g:\cours\progra\c++\003\simpleengineyestrustme\simpleengine\simpleengine3dgame\x64\debug\simpleen.4e6a45d3.tlog\link-rc.read.1.tlog
g:\cours\progra\c++\003\simpleengineyestrustme\simpleengine\simpleengine3dgame\x64\debug\simpleen.4e6a45d3.tlog\link-rc.write.1.tlog
g:\cours\progra\c++\003\simpleengineyestrustme\simpleengine\simpleengine3dgame\x64\debug\simpleen.4e6a45d3.tlog\link.command.1.tlog
g:\cours\progra\c++\003\simpleengineyestrustme\simpleengine\simpleengine3dgame\x64\debug\simpleen.4e6a45d3.tlog\link.read.1.tlog
g:\cours\progra\c++\003\simpleengineyestrustme\simpleengine\simpleengine3dgame\x64\debug\simpleen.4e6a45d3.tlog\link.write.1.tlog
